#
# There is insufficient memory for the Java Runtime Environment to continue.
# Native memory allocation (malloc) failed to allocate 785296 bytes for Chunk::new
# Possible reasons:
#   The system is out of physical RAM or swap space
#   The process is running with CompressedOops enabled, and the Java Heap may be blocking the growth of the native heap
# Possible solutions:
#   Reduce memory load on the system
#   Increase physical memory or swap space
#   Check if swap backing store is full
#   Decrease Java heap size (-Xmx/-Xms)
#   Decrease number of Java threads
#   Decrease Java thread stack sizes (-Xss)
#   Set larger code cache with -XX:ReservedCodeCacheSize=
#   JVM is running with Unscaled Compressed Oops mode in which the Java heap is
#     placed in the first 4GB address space. The Java Heap base address is the
#     maximum limit for the native heap growth. Please use -XX:HeapBaseMinAddress
#     to set the Java Heap base and to place the Java Heap above 4GB virtual address.
# This output file may be truncated or incomplete.
#
#  Out of Memory Error (./src/hotspot/share/memory/arena.cpp:197), pid=6364, tid=6992
#
# JRE version: OpenJDK Runtime Environment Corretto-11.0.18.10.1 (11.0.18+10) (build 11.0.18+10-LTS)
# Java VM: OpenJDK 64-Bit Server VM Corretto-11.0.18.10.1 (11.0.18+10-LTS, mixed mode, tiered, compressed oops, g1 gc, windows-amd64)
# No core dump will be written. Minidumps are not enabled by default on client versions of Windows
#

---------------  S U M M A R Y ------------

Command Line: -ea -Dspring.profiles.active=test -javaagent:C:\Users\Kristina\AppData\Local\JetBrains\IntelliJIdea2022.1\testAgent\intellij-coverage-agent-1.0.656.jar=C:\Users\Kristina\AppData\Local\Temp\coverage232args -Didea.new.sampling.coverage=true -Dcoverage.ignore.private.constructor.util.class=true -Didea.test.cyclic.buffer.size=1048576 -javaagent:C:\Program Files\JetBrains\IntelliJ IDEA 2022.1.2\lib\idea_rt.jar=55471:C:\Program Files\JetBrains\IntelliJ IDEA 2022.1.2\bin -Dfile.encoding=UTF-8 com.intellij.rt.junit.JUnitStarter -ideVersion5 -junit5 ru.practicum.shareit.user.UserServiceIntegrationTest,getListAllUsers

Host: Intel(R) Pentium(R) 3556U @ 1.70GHz, 2 cores, 5G,  Windows 7 , 64 bit Build 7601 (6.1.7601.19160)
Time: Tue Aug  8 02:27:33 2023 Египетское время (зима) elapsed time: 7.013930 seconds (0d 0h 0m 7s)

---------------  T H R E A D  ---------------

Current thread (0x000000006107d000):  JavaThread "C2 CompilerThread0" daemon [_thread_in_native, id=6992, stack(0x0000000061940000,0x0000000061a40000)]


Current CompileTask:
C2:   7013 2124       4       jdk.internal.loader.URLClassPath::getResource (74 bytes)

Stack: [0x0000000061940000,0x0000000061a40000]
Native frames: (J=compiled Java code, j=interpreted, Vv=VM code, C=native code)
V  [jvm.dll+0x622d9a]
V  [jvm.dll+0x7b0289]
V  [jvm.dll+0x7b1978]
V  [jvm.dll+0x7b2053]
V  [jvm.dll+0x24fe08]
V  [jvm.dll+0xc264c]
V  [jvm.dll+0xc2c0c]
V  [jvm.dll+0x2c3d84]
V  [jvm.dll+0x53197c]
V  [jvm.dll+0x21137b]
V  [jvm.dll+0x20b0e4]
V  [jvm.dll+0x2082fb]
V  [jvm.dll+0x18a3c1]
V  [jvm.dll+0x217ac4]
V  [jvm.dll+0x215d0b]
V  [jvm.dll+0x772d90]
V  [jvm.dll+0x76bcc4]
V  [jvm.dll+0x621c05]
C  [ucrtbase.DLL+0x203ba]
C  [kernel32.dll+0x159ed]
C  [ntdll.dll+0x2b371]


---------------  P R O C E S S  ---------------

Threads class SMR info:
_java_thread_list=0x0000000063648390, length=12, elements={
0x00000000001a4000, 0x0000000061056800, 0x0000000061062800, 0x0000000061076800,
0x0000000061079800, 0x000000006107b000, 0x000000006107d000, 0x00000000610ec800,
0x00000000610f1800, 0x0000000061cec000, 0x0000000061ddd000, 0x0000000063be8800
}

Java Threads: ( => current thread )
  0x00000000001a4000 JavaThread "main" [_thread_blocked, id=3468, stack(0x00000000020f0000,0x00000000021f0000)]
  0x0000000061056800 JavaThread "Reference Handler" daemon [_thread_blocked, id=10092, stack(0x0000000061150000,0x0000000061250000)]
  0x0000000061062800 JavaThread "Finalizer" daemon [_thread_blocked, id=10048, stack(0x0000000061400000,0x0000000061500000)]
  0x0000000061076800 JavaThread "Signal Dispatcher" daemon [_thread_blocked, id=6000, stack(0x00000000612b0000,0x00000000613b0000)]
  0x0000000061079800 JavaThread "Attach Listener" daemon [_thread_blocked, id=10216, stack(0x00000000616e0000,0x00000000617e0000)]
  0x000000006107b000 JavaThread "Service Thread" daemon [_thread_blocked, id=5956, stack(0x00000000615a0000,0x00000000616a0000)]
=>0x000000006107d000 JavaThread "C2 CompilerThread0" daemon [_thread_in_native, id=6992, stack(0x0000000061940000,0x0000000061a40000)]
  0x00000000610ec800 JavaThread "C1 CompilerThread0" daemon [_thread_blocked, id=7096, stack(0x0000000061b10000,0x0000000061c10000)]
  0x00000000610f1800 JavaThread "Sweeper thread" daemon [_thread_blocked, id=7428, stack(0x0000000061830000,0x0000000061930000)]
  0x0000000061cec000 JavaThread "Common-Cleaner" daemon [_thread_blocked, id=7368, stack(0x0000000062110000,0x0000000062210000)]
  0x0000000061ddd000 JavaThread "Monitor Ctrl-Break" daemon [_thread_in_native, id=2384, stack(0x0000000062380000,0x0000000062480000)]
  0x0000000063be8800 JavaThread "background-preinit" [_thread_blocked, id=4372, stack(0x0000000065f80000,0x0000000066080000)]

Other Threads:
  0x0000000061010800 VMThread "VM Thread" [stack: 0x00000000204c0000,0x00000000205c0000] [id=9896]
  0x0000000061de5800 WatcherThread [stack: 0x00000000625a0000,0x00000000626a0000] [id=9696]
  0x00000000001bd000 GCTaskThread "GC Thread#0" [stack: 0x000000001a1b0000,0x000000001a2b0000] [id=7508]
  0x0000000061f3d800 GCTaskThread "GC Thread#1" [stack: 0x0000000062f30000,0x0000000063030000] [id=7644]
  0x00000000001e5800 ConcurrentGCThread "G1 Main Marker" [stack: 0x000000001de60000,0x000000001df60000] [id=7288]
  0x00000000001ea000 ConcurrentGCThread "G1 Conc#0" [stack: 0x000000001df90000,0x000000001e090000] [id=7936]
  0x00000000201e8800 ConcurrentGCThread "G1 Refine#0" [stack: 0x0000000020380000,0x0000000020480000] [id=1828]
  0x00000000201ea000 ConcurrentGCThread "G1 Young RemSet Sampling" [stack: 0x0000000020630000,0x0000000020730000] [id=9668]

Threads with active compile tasks:
C2 CompilerThread0     7126 2124       4       jdk.internal.loader.URLClassPath::getResource (74 bytes)

VM state:at safepoint (normal execution)

VM Mutex/Monitor currently owned by a thread:  ([mutex/lock_event])
[0x00000000001a1aa0] Threads_lock - owner thread: 0x0000000061010800
[0x00000000001a2280] Heap_lock - owner thread: 0x0000000063be8800

Heap address: 0x00000000a1200000, size: 1518 MB, Compressed Oops mode: 32-bit
Narrow klass base: 0x0000000000000000, Narrow klass shift: 0
Compressed class space size: 1073741824 Address: 0x0000000020730000

Heap:
 garbage-first heap   total 98304K, used 10865K [0x00000000a1200000, 0x0000000100000000)
  region size 1024K, 4 young (4096K), 4 survivors (4096K)
 Metaspace       used 22987K, capacity 23828K, committed 23936K, reserved 1071104K
  class space    used 2598K, capacity 2920K, committed 2944K, reserved 1048576K
Heap Regions: E=young(eden), S=young(survivor), O=old, HS=humongous(starts), HC=humongous(continues), CS=collection set, F=free, A=archive, TAMS=top-at-mark-start (previous, next)
|   0|0x00000000a1200000, 0x00000000a1300000, 0x00000000a1300000|100%|HS|  |TAMS 0x00000000a1300000, 0x00000000a1300000| Complete 
|   1|0x00000000a1300000, 0x00000000a1400000, 0x00000000a1400000|100%| O|  |TAMS 0x00000000a1400000, 0x00000000a1400000| Untracked 
|   2|0x00000000a1400000, 0x00000000a1500000, 0x00000000a1500000|100%| O|  |TAMS 0x00000000a1500000, 0x00000000a1500000| Untracked 
|   3|0x00000000a1500000, 0x00000000a1600000, 0x00000000a1600000|100%| O|  |TAMS 0x00000000a1600000, 0x00000000a1600000| Untracked 
|   4|0x00000000a1600000, 0x00000000a1700000, 0x00000000a1700000|100%| O|  |TAMS 0x00000000a1700000, 0x00000000a1700000| Untracked 
|   5|0x00000000a1700000, 0x00000000a1800000, 0x00000000a1800000|100%| O|  |TAMS 0x00000000a17c5200, 0x00000000a1800000| Untracked 
|   6|0x00000000a1800000, 0x00000000a189c600, 0x00000000a1900000| 61%| O|  |TAMS 0x00000000a1800000, 0x00000000a189c600| Untracked 
|   7|0x00000000a1900000, 0x00000000a1900000, 0x00000000a1a00000|  0%| F|  |TAMS 0x00000000a1900000, 0x00000000a1900000| Untracked 
|   8|0x00000000a1a00000, 0x00000000a1a00000, 0x00000000a1b00000|  0%| F|  |TAMS 0x00000000a1a00000, 0x00000000a1a00000| Untracked 
|   9|0x00000000a1b00000, 0x00000000a1b00000, 0x00000000a1c00000|  0%| F|  |TAMS 0x00000000a1b00000, 0x00000000a1b00000| Untracked 
|  10|0x00000000a1c00000, 0x00000000a1c00000, 0x00000000a1d00000|  0%| F|  |TAMS 0x00000000a1c00000, 0x00000000a1c00000| Untracked 
|  11|0x00000000a1d00000, 0x00000000a1d00000, 0x00000000a1e00000|  0%| F|  |TAMS 0x00000000a1d00000, 0x00000000a1d00000| Untracked 
|  12|0x00000000a1e00000, 0x00000000a1e00000, 0x00000000a1f00000|  0%| F|  |TAMS 0x00000000a1e00000, 0x00000000a1e00000| Untracked 
|  13|0x00000000a1f00000, 0x00000000a1f00000, 0x00000000a2000000|  0%| F|  |TAMS 0x00000000a1f00000, 0x00000000a1f00000| Untracked 
|  14|0x00000000a2000000, 0x00000000a2000000, 0x00000000a2100000|  0%| F|  |TAMS 0x00000000a2000000, 0x00000000a2000000| Untracked 
|  15|0x00000000a2100000, 0x00000000a2100000, 0x00000000a2200000|  0%| F|  |TAMS 0x00000000a2100000, 0x00000000a2100000| Untracked 
|  16|0x00000000a2200000, 0x00000000a2200000, 0x00000000a2300000|  0%| F|  |TAMS 0x00000000a2200000, 0x00000000a2200000| Untracked 
|  17|0x00000000a2300000, 0x00000000a2300000, 0x00000000a2400000|  0%| F|  |TAMS 0x00000000a2300000, 0x00000000a2300000| Untracked 
|  18|0x00000000a2400000, 0x00000000a2400000, 0x00000000a2500000|  0%| F|  |TAMS 0x00000000a2400000, 0x00000000a2400000| Untracked 
|  19|0x00000000a2500000, 0x00000000a2500000, 0x00000000a2600000|  0%| F|  |TAMS 0x00000000a2500000, 0x00000000a2500000| Untracked 
|  20|0x00000000a2600000, 0x00000000a2600000, 0x00000000a2700000|  0%| F|  |TAMS 0x00000000a2600000, 0x00000000a2600000| Untracked 
|  21|0x00000000a2700000, 0x00000000a2700000, 0x00000000a2800000|  0%| F|  |TAMS 0x00000000a2700000, 0x00000000a2700000| Untracked 
|  22|0x00000000a2800000, 0x00000000a2800000, 0x00000000a2900000|  0%| F|  |TAMS 0x00000000a2800000, 0x00000000a2800000| Untracked 
|  23|0x00000000a2900000, 0x00000000a2900000, 0x00000000a2a00000|  0%| F|  |TAMS 0x00000000a2900000, 0x00000000a2900000| Untracked 
|  24|0x00000000a2a00000, 0x00000000a2a00000, 0x00000000a2b00000|  0%| F|  |TAMS 0x00000000a2a00000, 0x00000000a2a00000| Untracked 
|  25|0x00000000a2b00000, 0x00000000a2b00000, 0x00000000a2c00000|  0%| F|  |TAMS 0x00000000a2b00000, 0x00000000a2b00000| Untracked 
|  26|0x00000000a2c00000, 0x00000000a2c00000, 0x00000000a2d00000|  0%| F|  |TAMS 0x00000000a2c00000, 0x00000000a2c00000| Untracked 
|  27|0x00000000a2d00000, 0x00000000a2d00000, 0x00000000a2e00000|  0%| F|  |TAMS 0x00000000a2d00000, 0x00000000a2d00000| Untracked 
|  28|0x00000000a2e00000, 0x00000000a2e00000, 0x00000000a2f00000|  0%| F|  |TAMS 0x00000000a2e00000, 0x00000000a2e00000| Untracked 
|  29|0x00000000a2f00000, 0x00000000a2f00000, 0x00000000a3000000|  0%| F|  |TAMS 0x00000000a2f00000, 0x00000000a2f00000| Untracked 
|  30|0x00000000a3000000, 0x00000000a3000000, 0x00000000a3100000|  0%| F|  |TAMS 0x00000000a3000000, 0x00000000a3000000| Untracked 
|  31|0x00000000a3100000, 0x00000000a3100000, 0x00000000a3200000|  0%| F|  |TAMS 0x00000000a3100000, 0x00000000a3100000| Untracked 
|  32|0x00000000a3200000, 0x00000000a3200000, 0x00000000a3300000|  0%| F|  |TAMS 0x00000000a3200000, 0x00000000a3200000| Untracked 
|  33|0x00000000a3300000, 0x00000000a3300000, 0x00000000a3400000|  0%| F|  |TAMS 0x00000000a3300000, 0x00000000a3300000| Untracked 
|  34|0x00000000a3400000, 0x00000000a3400000, 0x00000000a3500000|  0%| F|  |TAMS 0x00000000a3400000, 0x00000000a3400000| Untracked 
|  35|0x00000000a3500000, 0x00000000a3500000, 0x00000000a3600000|  0%| F|  |TAMS 0x00000000a3500000, 0x00000000a3500000| Untracked 
|  36|0x00000000a3600000, 0x00000000a3600000, 0x00000000a3700000|  0%| F|  |TAMS 0x00000000a3600000, 0x00000000a3600000| Untracked 
|  37|0x00000000a3700000, 0x00000000a3700000, 0x00000000a3800000|  0%| F|  |TAMS 0x00000000a3700000, 0x00000000a3700000| Untracked 
|  38|0x00000000a3800000, 0x00000000a3800000, 0x00000000a3900000|  0%| F|  |TAMS 0x00000000a3800000, 0x00000000a3800000| Untracked 
|  39|0x00000000a3900000, 0x00000000a3900000, 0x00000000a3a00000|  0%| F|  |TAMS 0x00000000a3900000, 0x00000000a3900000| Untracked 
|  40|0x00000000a3a00000, 0x00000000a3a00000, 0x00000000a3b00000|  0%| F|  |TAMS 0x00000000a3a00000, 0x00000000a3a00000| Untracked 
|  41|0x00000000a3b00000, 0x00000000a3b00000, 0x00000000a3c00000|  0%| F|  |TAMS 0x00000000a3b00000, 0x00000000a3b00000| Untracked 
|  42|0x00000000a3c00000, 0x00000000a3c00000, 0x00000000a3d00000|  0%| F|  |TAMS 0x00000000a3c00000, 0x00000000a3c00000| Untracked 
|  43|0x00000000a3d00000, 0x00000000a3d00000, 0x00000000a3e00000|  0%| F|  |TAMS 0x00000000a3d00000, 0x00000000a3d00000| Untracked 
|  44|0x00000000a3e00000, 0x00000000a3e00000, 0x00000000a3f00000|  0%| F|  |TAMS 0x00000000a3e00000, 0x00000000a3e00000| Untracked 
|  45|0x00000000a3f00000, 0x00000000a3f00000, 0x00000000a4000000|  0%| F|  |TAMS 0x00000000a3f00000, 0x00000000a3f00000| Untracked 
|  46|0x00000000a4000000, 0x00000000a4000000, 0x00000000a4100000|  0%| F|  |TAMS 0x00000000a4000000, 0x00000000a4000000| Untracked 
|  47|0x00000000a4100000, 0x00000000a4100000, 0x00000000a4200000|  0%| F|  |TAMS 0x00000000a4100000, 0x00000000a4100000| Untracked 
|  48|0x00000000a4200000, 0x00000000a4200000, 0x00000000a4300000|  0%| F|  |TAMS 0x00000000a4200000, 0x00000000a4200000| Untracked 
|  49|0x00000000a4300000, 0x00000000a4300000, 0x00000000a4400000|  0%| F|  |TAMS 0x00000000a4300000, 0x00000000a4300000| Untracked 
|  50|0x00000000a4400000, 0x00000000a4400000, 0x00000000a4500000|  0%| F|  |TAMS 0x00000000a4400000, 0x00000000a4400000| Untracked 
|  51|0x00000000a4500000, 0x00000000a4500000, 0x00000000a4600000|  0%| F|  |TAMS 0x00000000a4500000, 0x00000000a4500000| Untracked 
|  52|0x00000000a4600000, 0x00000000a4600000, 0x00000000a4700000|  0%| F|  |TAMS 0x00000000a4600000, 0x00000000a4600000| Untracked 
|  53|0x00000000a4700000, 0x00000000a4700000, 0x00000000a4800000|  0%| F|  |TAMS 0x00000000a4700000, 0x00000000a4700000| Untracked 
|  54|0x00000000a4800000, 0x00000000a4800000, 0x00000000a4900000|  0%| F|  |TAMS 0x00000000a4800000, 0x00000000a4800000| Untracked 
|  55|0x00000000a4900000, 0x00000000a4900000, 0x00000000a4a00000|  0%| F|  |TAMS 0x00000000a4900000, 0x00000000a4900000| Untracked 
|  56|0x00000000a4a00000, 0x00000000a4a00000, 0x00000000a4b00000|  0%| F|  |TAMS 0x00000000a4a00000, 0x00000000a4a00000| Untracked 
|  57|0x00000000a4b00000, 0x00000000a4b00000, 0x00000000a4c00000|  0%| F|  |TAMS 0x00000000a4b00000, 0x00000000a4b00000| Untracked 
|  58|0x00000000a4c00000, 0x00000000a4c00000, 0x00000000a4d00000|  0%| F|  |TAMS 0x00000000a4c00000, 0x00000000a4c00000| Untracked 
|  59|0x00000000a4d00000, 0x00000000a4d00000, 0x00000000a4e00000|  0%| F|  |TAMS 0x00000000a4d00000, 0x00000000a4d00000| Untracked 
|  60|0x00000000a4e00000, 0x00000000a4e00000, 0x00000000a4f00000|  0%| F|  |TAMS 0x00000000a4e00000, 0x00000000a4e00000| Untracked 
|  61|0x00000000a4f00000, 0x00000000a4f00000, 0x00000000a5000000|  0%| F|  |TAMS 0x00000000a4f00000, 0x00000000a4f00000| Untracked 
|  62|0x00000000a5000000, 0x00000000a5000000, 0x00000000a5100000|  0%| F|  |TAMS 0x00000000a5000000, 0x00000000a5000000| Untracked 
|  63|0x00000000a5100000, 0x00000000a5100000, 0x00000000a5200000|  0%| F|  |TAMS 0x00000000a5100000, 0x00000000a5100000| Untracked 
|  64|0x00000000a5200000, 0x00000000a5200000, 0x00000000a5300000|  0%| F|  |TAMS 0x00000000a5200000, 0x00000000a5200000| Untracked 
|  65|0x00000000a5300000, 0x00000000a5300000, 0x00000000a5400000|  0%| F|  |TAMS 0x00000000a5300000, 0x00000000a5300000| Untracked 
|  66|0x00000000a5400000, 0x00000000a5400000, 0x00000000a5500000|  0%| F|  |TAMS 0x00000000a5400000, 0x00000000a5400000| Untracked 
|  67|0x00000000a5500000, 0x00000000a5500000, 0x00000000a5600000|  0%| F|  |TAMS 0x00000000a5500000, 0x00000000a5500000| Untracked 
|  68|0x00000000a5600000, 0x00000000a5600000, 0x00000000a5700000|  0%| F|  |TAMS 0x00000000a5600000, 0x00000000a5600000| Untracked 
|  69|0x00000000a5700000, 0x00000000a5700000, 0x00000000a5800000|  0%| F|  |TAMS 0x00000000a5700000, 0x00000000a5700000| Untracked 
|  70|0x00000000a5800000, 0x00000000a5900000, 0x00000000a5900000|100%| S|CS|TAMS 0x00000000a5800000, 0x00000000a5800000| Complete 
|  71|0x00000000a5900000, 0x00000000a5a00000, 0x00000000a5a00000|100%| S|CS|TAMS 0x00000000a5900000, 0x00000000a5900000| Complete 
|  72|0x00000000a5a00000, 0x00000000a5b00000, 0x00000000a5b00000|100%| S|CS|TAMS 0x00000000a5a00000, 0x00000000a5a00000| Complete 
|  73|0x00000000a5b00000, 0x00000000a5c00000, 0x00000000a5c00000|100%| S|CS|TAMS 0x00000000a5b00000, 0x00000000a5b00000| Complete 
|  74|0x00000000a5c00000, 0x00000000a5c00000, 0x00000000a5d00000|  0%| F|  |TAMS 0x00000000a5c00000, 0x00000000a5c00000| Untracked 
|  75|0x00000000a5d00000, 0x00000000a5d00000, 0x00000000a5e00000|  0%| F|  |TAMS 0x00000000a5d00000, 0x00000000a5d00000| Untracked 
|  76|0x00000000a5e00000, 0x00000000a5e00000, 0x00000000a5f00000|  0%| F|  |TAMS 0x00000000a5e00000, 0x00000000a5e00000| Untracked 
|  77|0x00000000a5f00000, 0x00000000a5f00000, 0x00000000a6000000|  0%| F|  |TAMS 0x00000000a5f00000, 0x00000000a5f00000| Untracked 
|  78|0x00000000a6000000, 0x00000000a6000000, 0x00000000a6100000|  0%| F|  |TAMS 0x00000000a6000000, 0x00000000a6000000| Untracked 
|  79|0x00000000a6100000, 0x00000000a6100000, 0x00000000a6200000|  0%| F|  |TAMS 0x00000000a6100000, 0x00000000a6100000| Untracked 
|  80|0x00000000a6200000, 0x00000000a6200000, 0x00000000a6300000|  0%| F|  |TAMS 0x00000000a6200000, 0x00000000a6200000| Untracked 
|  81|0x00000000a6300000, 0x00000000a6300000, 0x00000000a6400000|  0%| F|  |TAMS 0x00000000a6300000, 0x00000000a6300000| Untracked 
|  82|0x00000000a6400000, 0x00000000a6400000, 0x00000000a6500000|  0%| F|  |TAMS 0x00000000a6400000, 0x00000000a6400000| Untracked 
|  83|0x00000000a6500000, 0x00000000a6500000, 0x00000000a6600000|  0%| F|  |TAMS 0x00000000a6500000, 0x00000000a6500000| Untracked 
|  84|0x00000000a6600000, 0x00000000a6600000, 0x00000000a6700000|  0%| F|  |TAMS 0x00000000a6600000, 0x00000000a6600000| Untracked 
|  85|0x00000000a6700000, 0x00000000a6700000, 0x00000000a6800000|  0%| F|  |TAMS 0x00000000a6700000, 0x00000000a6700000| Untracked 
|  86|0x00000000a6800000, 0x00000000a6800000, 0x00000000a6900000|  0%| F|  |TAMS 0x00000000a6800000, 0x00000000a6800000| Untracked 
|  87|0x00000000a6900000, 0x00000000a6900000, 0x00000000a6a00000|  0%| F|  |TAMS 0x00000000a6900000, 0x00000000a6900000| Untracked 
|  88|0x00000000a6a00000, 0x00000000a6a00000, 0x00000000a6b00000|  0%| F|  |TAMS 0x00000000a6a00000, 0x00000000a6a00000| Untracked 
|  89|0x00000000a6b00000, 0x00000000a6b00000, 0x00000000a6c00000|  0%| F|  |TAMS 0x00000000a6b00000, 0x00000000a6b00000| Untracked 
|  90|0x00000000a6c00000, 0x00000000a6c00000, 0x00000000a6d00000|  0%| F|  |TAMS 0x00000000a6c00000, 0x00000000a6c00000| Untracked 
|  91|0x00000000a6d00000, 0x00000000a6d00000, 0x00000000a6e00000|  0%| F|  |TAMS 0x00000000a6d00000, 0x00000000a6d00000| Untracked 
|  92|0x00000000a6e00000, 0x00000000a6e00000, 0x00000000a6f00000|  0%| F|  |TAMS 0x00000000a6e00000, 0x00000000a6e00000| Untracked 
|  93|0x00000000a6f00000, 0x00000000a6f00000, 0x00000000a7000000|  0%| F|  |TAMS 0x00000000a6f00000, 0x00000000a6f00000| Untracked 
|  94|0x00000000a7000000, 0x00000000a7000000, 0x00000000a7100000|  0%| F|  |TAMS 0x00000000a7000000, 0x00000000a7000000| Untracked 
|  95|0x00000000a7100000, 0x00000000a7100000, 0x00000000a7200000|  0%| F|  |TAMS 0x00000000a7100000, 0x00000000a7100000| Untracked 

Card table byte_map: [0x000000001a7d0000,0x000000001aad0000] _byte_map_base: 0x000000001a2c7000

Marking Bits (Prev, Next): (CMBitMap*) 0x00000000001deff0, (CMBitMap*) 0x00000000001defb8
 Prev Bits: [0x000000001c590000, 0x000000001dd48000)
 Next Bits: [0x000000001add0000, 0x000000001c588000)

Polling page: 0x0000000000330000

Metaspace:

Usage:
  Non-class:     20.42 MB capacity,    19.91 MB ( 98%) used,   427.16 KB (  2%) free+waste,    91.38 KB ( <1%) overhead. 
      Class:      2.85 MB capacity,     2.54 MB ( 89%) used,   276.02 KB (  9%) free+waste,    45.63 KB (  2%) overhead. 
       Both:     23.27 MB capacity,    22.45 MB ( 96%) used,   703.18 KB (  3%) free+waste,   137.00 KB ( <1%) overhead. 

Virtual space:
  Non-class space:       22.00 MB reserved,      20.50 MB ( 93%) committed 
      Class space:        1.00 GB reserved,       2.88 MB ( <1%) committed 
             Both:        1.02 GB reserved,      23.38 MB (  2%) committed 

Chunk freelists:
   Non-Class:  20.00 KB
       Class:  24.00 KB
        Both:  44.00 KB

MaxMetaspaceSize: 17179869184.00 GB
CompressedClassSpaceSize: 1.00 GB
Initial GC threshold: 20.80 MB
Current GC threshold: 35.32 MB
CDS: off

CodeHeap 'non-profiled nmethods': size=120064Kb used=818Kb max_used=818Kb free=119245Kb
 bounds [0x0000000012a80000, 0x0000000012cf0000, 0x0000000019fc0000]
CodeHeap 'profiled nmethods': size=120000Kb used=4307Kb max_used=4307Kb free=115692Kb
 bounds [0x000000000b550000, 0x000000000b990000, 0x0000000012a80000]
CodeHeap 'non-nmethods': size=5696Kb used=1175Kb max_used=1208Kb free=4521Kb
 bounds [0x000000000afc0000, 0x000000000b230000, 0x000000000b550000]
 total_blobs=2620 nmethods=2183 adapters=350
 compilation: enabled
              stopped_count=0, restarted_count=0
 full_count=0

Compilation events (20 events):
Event: 6.999 Thread 0x00000000610ec800 2177       3       org.springframework.core.convert.support.GenericConversionService::addConverter (13 bytes)
Event: 7.000 Thread 0x00000000610ec800 nmethod 2177 0x000000000b97cf10 code [0x000000000b97d0e0, 0x000000000b97d358]
Event: 7.000 Thread 0x00000000610ec800 2178       3       org.springframework.core.ResolvableType::equals (157 bytes)
Event: 7.000 Thread 0x00000000610ec800 nmethod 2178 0x000000000b97d490 code [0x000000000b97d700, 0x000000000b97e0f8]
Event: 7.001 Thread 0x00000000610ec800 2179       3       java.lang.Class::getGenericInterfaces (21 bytes)
Event: 7.001 Thread 0x00000000610ec800 nmethod 2179 0x000000000b97e310 code [0x000000000b97e520, 0x000000000b97ea58]
Event: 7.001 Thread 0x00000000610ec800 2180       3       org.springframework.core.ResolvableType::<init> (41 bytes)
Event: 7.002 Thread 0x00000000610ec800 nmethod 2180 0x000000000b97ec10 code [0x000000000b97ee20, 0x000000000b97f408]
Event: 7.002 Thread 0x00000000610ec800 2181       3       java.lang.invoke.VarHandleGuards::guard_LLL_Z (70 bytes)
Event: 7.004 Thread 0x00000000610ec800 nmethod 2181 0x000000000b97f610 code [0x000000000b97f8c0, 0x000000000b980848]
Event: 7.004 Thread 0x00000000610ec800 2183       3       java.util.concurrent.ConcurrentLinkedDeque::<init> (21 bytes)
Event: 7.004 Thread 0x00000000610ec800 nmethod 2183 0x000000000b980d90 code [0x000000000b980f60, 0x000000000b9812f8]
Event: 7.004 Thread 0x00000000610ec800 2184       3       org.springframework.core.convert.support.GenericConversionService$Converters$$Lambda$377/0x0000000020930040::apply (8 bytes)
Event: 7.005 Thread 0x00000000610ec800 nmethod 2184 0x000000000b981490 code [0x000000000b9816a0, 0x000000000b981df8]
Event: 7.005 Thread 0x00000000610ec800 2185       3       org.springframework.core.ResolvableType::forClass (9 bytes)
Event: 7.005 Thread 0x00000000610ec800 nmethod 2185 0x000000000b982090 code [0x000000000b982240, 0x000000000b9823c8]
Event: 7.005 Thread 0x00000000610ec800 2186       3       sun.reflect.generics.reflectiveObjects.ParameterizedTypeImpl::getActualTypeArguments (11 bytes)
Event: 7.005 Thread 0x00000000610ec800 nmethod 2186 0x000000000b982490 code [0x000000000b982660, 0x000000000b982908]
Event: 7.005 Thread 0x00000000610ec800 2187       3       org.springframework.core.ResolvableType::getInterfaces (68 bytes)
Event: 7.007 Thread 0x00000000610ec800 nmethod 2187 0x000000000b982a10 code [0x000000000b982ca0, 0x000000000b983a68]

GC Heap History (10 events):
Event: 1.242 GC heap before
{Heap before GC invocations=0 (full 0):
 garbage-first heap   total 98304K, used 7168K [0x00000000a1200000, 0x0000000100000000)
  region size 1024K, 7 young (7168K), 0 survivors (0K)
 Metaspace       used 8068K, capacity 8258K, committed 8448K, reserved 1056768K
  class space    used 695K, capacity 710K, committed 768K, reserved 1048576K
}
Event: 1.282 GC heap after
{Heap after GC invocations=1 (full 0):
 garbage-first heap   total 98304K, used 5474K [0x00000000a1200000, 0x0000000100000000)
  region size 1024K, 1 young (1024K), 1 survivors (1024K)
 Metaspace       used 8068K, capacity 8258K, committed 8448K, reserved 1056768K
  class space    used 695K, capacity 710K, committed 768K, reserved 1048576K
}
Event: 2.001 GC heap before
{Heap before GC invocations=1 (full 0):
 garbage-first heap   total 98304K, used 7522K [0x00000000a1200000, 0x0000000100000000)
  region size 1024K, 4 young (4096K), 1 survivors (1024K)
 Metaspace       used 9142K, capacity 9337K, committed 9600K, reserved 1058816K
  class space    used 795K, capacity 858K, committed 896K, reserved 1048576K
}
Event: 2.004 GC heap after
{Heap after GC invocations=2 (full 0):
 garbage-first heap   total 98304K, used 6537K [0x00000000a1200000, 0x0000000100000000)
  region size 1024K, 1 young (1024K), 1 survivors (1024K)
 Metaspace       used 9142K, capacity 9337K, committed 9600K, reserved 1058816K
  class space    used 795K, capacity 858K, committed 896K, reserved 1048576K
}
Event: 3.437 GC heap before
{Heap before GC invocations=2 (full 0):
 garbage-first heap   total 98304K, used 13705K [0x00000000a1200000, 0x0000000100000000)
  region size 1024K, 9 young (9216K), 1 survivors (1024K)
 Metaspace       used 11163K, capacity 11458K, committed 11648K, reserved 1060864K
  class space    used 1018K, capacity 1095K, committed 1152K, reserved 1048576K
}
Event: 3.441 GC heap after
{Heap after GC invocations=3 (full 0):
 garbage-first heap   total 98304K, used 7956K [0x00000000a1200000, 0x0000000100000000)
  region size 1024K, 2 young (2048K), 2 survivors (2048K)
 Metaspace       used 11163K, capacity 11458K, committed 11648K, reserved 1060864K
  class space    used 1018K, capacity 1095K, committed 1152K, reserved 1048576K
}
Event: 5.639 GC heap before
{Heap before GC invocations=3 (full 0):
 garbage-first heap   total 98304K, used 53012K [0x00000000a1200000, 0x0000000100000000)
  region size 1024K, 46 young (47104K), 2 survivors (2048K)
 Metaspace       used 17656K, capacity 18269K, committed 18560K, reserved 1064960K
  class space    used 1858K, capacity 2081K, committed 2176K, reserved 1048576K
}
Event: 5.646 GC heap after
{Heap after GC invocations=4 (full 0):
 garbage-first heap   total 98304K, used 9229K [0x00000000a1200000, 0x0000000100000000)
  region size 1024K, 4 young (4096K), 4 survivors (4096K)
 Metaspace       used 17656K, capacity 18269K, committed 18560K, reserved 1064960K
  class space    used 1858K, capacity 2081K, committed 2176K, reserved 1048576K
}
Event: 6.415 GC heap before
{Heap before GC invocations=4 (full 0):
 garbage-first heap   total 98304K, used 24589K [0x00000000a1200000, 0x0000000100000000)
  region size 1024K, 20 young (20480K), 4 survivors (4096K)
 Metaspace       used 20489K, capacity 21144K, committed 21248K, reserved 1069056K
  class space    used 2215K, capacity 2470K, committed 2560K, reserved 1048576K
}
Event: 6.430 GC heap after
{Heap after GC invocations=5 (full 0):
 garbage-first heap   total 98304K, used 10165K [0x00000000a1200000, 0x0000000100000000)
  region size 1024K, 5 young (5120K), 5 survivors (5120K)
 Metaspace       used 20489K, capacity 21144K, committed 21248K, reserved 1069056K
  class space    used 2215K, capacity 2470K, committed 2560K, reserved 1048576K
}

Deoptimization events (20 events):
Event: 6.673 Thread 0x00000000001a4000 DEOPT PACKING pc=0x0000000012b36370 sp=0x00000000021eab90
Event: 6.673 Thread 0x00000000001a4000 DEOPT UNPACKING pc=0x000000000b00a1a9 sp=0x00000000021eaa80 mode 2
Event: 6.708 Thread 0x00000000001a4000 Uncommon trap: trap_request=0xffffffbe fr.pc=0x0000000012b36370 relative=0x0000000000004110
Event: 6.708 Thread 0x00000000001a4000 Uncommon trap: reason=profile_predicate action=maybe_recompile pc=0x0000000012b36370 method=sun.net.www.ParseUtil.firstEncodeIndex(Ljava/lang/String;)I @ 9 c2
Event: 6.708 Thread 0x00000000001a4000 DEOPT PACKING pc=0x0000000012b36370 sp=0x00000000021eb7c0
Event: 6.708 Thread 0x00000000001a4000 DEOPT UNPACKING pc=0x000000000b00a1a9 sp=0x00000000021eb6b0 mode 2
Event: 6.708 Thread 0x00000000001a4000 Uncommon trap: trap_request=0xffffffbe fr.pc=0x0000000012b36370 relative=0x0000000000004110
Event: 6.708 Thread 0x00000000001a4000 Uncommon trap: reason=profile_predicate action=maybe_recompile pc=0x0000000012b36370 method=sun.net.www.ParseUtil.firstEncodeIndex(Ljava/lang/String;)I @ 9 c2
Event: 6.708 Thread 0x00000000001a4000 DEOPT PACKING pc=0x0000000012b36370 sp=0x00000000021eb7c0
Event: 6.708 Thread 0x00000000001a4000 DEOPT UNPACKING pc=0x000000000b00a1a9 sp=0x00000000021eb6b0 mode 2
Event: 6.709 Thread 0x00000000001a4000 Uncommon trap: trap_request=0xffffffbe fr.pc=0x0000000012b36370 relative=0x0000000000004110
Event: 6.709 Thread 0x00000000001a4000 Uncommon trap: reason=profile_predicate action=maybe_recompile pc=0x0000000012b36370 method=sun.net.www.ParseUtil.firstEncodeIndex(Ljava/lang/String;)I @ 9 c2
Event: 6.709 Thread 0x00000000001a4000 DEOPT PACKING pc=0x0000000012b36370 sp=0x00000000021ebae0
Event: 6.709 Thread 0x00000000001a4000 DEOPT UNPACKING pc=0x000000000b00a1a9 sp=0x00000000021eb9d0 mode 2
Event: 6.751 Thread 0x00000000001a4000 Uncommon trap: trap_request=0xffffff4d fr.pc=0x0000000012af36e0 relative=0x00000000000011a0
Event: 6.752 Thread 0x00000000001a4000 Uncommon trap: reason=unstable_if action=reinterpret pc=0x0000000012af36e0 method=java.util.concurrent.ConcurrentHashMap.putVal(Ljava/lang/Object;Ljava/lang/Object;Z)Ljava/lang/Object; @ 148 c2
Event: 6.752 Thread 0x00000000001a4000 DEOPT PACKING pc=0x0000000012af36e0 sp=0x00000000021ec0c0
Event: 6.752 Thread 0x00000000001a4000 DEOPT UNPACKING pc=0x000000000b00a1a9 sp=0x00000000021ec050 mode 2
Event: 6.944 Thread 0x00000000001a4000 DEOPT PACKING pc=0x000000000b8254e8 sp=0x00000000021ea470
Event: 6.944 Thread 0x00000000001a4000 DEOPT UNPACKING pc=0x000000000b00a93f sp=0x00000000021e9978 mode 0

Classes redefined (0 events):
No events

Internal exceptions (20 events):
Event: 6.100 Thread 0x00000000001a4000 Exception <a 'java/lang/NoSuchMethodError'{0x00000000a6a4abc8}: 'java.lang.Object java.lang.invoke.DirectMethodHandle$Holder.invokeInterface(java.lang.Object, java.lang.Object, java.lang.Object, java.lang.Object, java.lang.Object)'> (0x00000000a6a4abc8) thrown at [./src/hotspot/share/interpreter/linkResolver.cpp, line 773]
Event: 6.100 Thread 0x00000000001a4000 Exception <a 'java/lang/IncompatibleClassChangeError'{0x00000000a6a4e320}: Found class java.lang.Object, but interface was expected> (0x00000000a6a4e320) thrown at [./src/hotspot/share/interpreter/linkResolver.cpp, line 839]
Event: 6.297 Thread 0x00000000001a4000 Exception <a 'java/lang/NoSuchMethodError'{0x00000000a642f248}: 'java.lang.Object java.lang.invoke.DirectMethodHandle$Holder.invokeStatic(java.lang.Object, java.lang.Object, java.lang.Object, java.lang.Object, java.lang.Object, java.lang.Object, java.lang.Object, java.lang.Object, java.lang.Object, java.lang.Object, java.lang.Object, java.lang.Object, java.lang.Object, java.lang.Object, java.lang.Object)'> (0x00000000a642f248) thrown at [./src/hotspot/share/interpreter/linkResolver.cpp, line 773]
Event: 6.299 Thread 0x00000000001a4000 Exception <a 'java/lang/NoSuchMethodError'{0x00000000a643eb58}: 'java.lang.Object java.lang.invoke.DirectMethodHandle$Holder.invokeStatic(java.lang.Object, java.lang.Object, java.lang.Object, java.lang.Object, java.lang.Object, java.lang.Object, java.lang.Object, java.lang.Object, java.lang.Object, java.lang.Object, java.lang.Object, java.lang.Object, java.lang.Object, java.lang.Object, java.lang.Object, java.lang.Object)'> (0x00000000a643eb58) thrown at [./src/hotspot/share/interpreter/linkResolver.cpp, l
Event: 6.301 Thread 0x00000000001a4000 Exception <a 'java/lang/NoSuchMethodError'{0x00000000a644cfc0}: 'java.lang.Object java.lang.invoke.DirectMethodHandle$Holder.invokeSpecial(java.lang.Object, java.lang.Object, int, int, java.lang.Object, java.lang.Object, java.lang.Object, java.lang.Object)'> (0x00000000a644cfc0) thrown at [./src/hotspot/share/interpreter/linkResolver.cpp, line 773]
Event: 6.302 Thread 0x00000000001a4000 Exception <a 'java/lang/NoSuchMethodError'{0x00000000a6450c48}: 'java.lang.Object java.lang.invoke.DelegatingMethodHandle$Holder.reinvoke_L(java.lang.Object, int, int, java.lang.Object, java.lang.Object, java.lang.Object, java.lang.Object)'> (0x00000000a6450c48) thrown at [./src/hotspot/share/interpreter/linkResolver.cpp, line 773]
Event: 6.303 Thread 0x00000000001a4000 Exception <a 'java/lang/NoSuchMethodError'{0x00000000a6460830}: 'java.lang.Object java.lang.invoke.DirectMethodHandle$Holder.invokeStatic(java.lang.Object, java.lang.Object, java.lang.Object, java.lang.Object, java.lang.Object, java.lang.Object, int)'> (0x00000000a6460830) thrown at [./src/hotspot/share/interpreter/linkResolver.cpp, line 773]
Event: 6.350 Thread 0x00000000001a4000 Exception <a 'java/io/FileNotFoundException'{0x00000000a64f3500}> (0x00000000a64f3500) thrown at [./src/hotspot/share/prims/jni.cpp, line 617]
Event: 6.366 Thread 0x00000000001a4000 Exception <a 'java/lang/NoSuchMethodError'{0x00000000a633cfc8}: 'void java.lang.invoke.DirectMethodHandle$Holder.invokeStaticInit(java.lang.Object, java.lang.Object, java.lang.Object, java.lang.Object)'> (0x00000000a633cfc8) thrown at [./src/hotspot/share/interpreter/linkResolver.cpp, line 773]
Event: 6.369 Thread 0x00000000001a4000 Exception <a 'java/lang/IncompatibleClassChangeError'{0x00000000a6354aa0}: Found class java.lang.Object, but interface was expected> (0x00000000a6354aa0) thrown at [./src/hotspot/share/interpreter/linkResolver.cpp, line 839]
Event: 6.402 Thread 0x00000000001a4000 Exception <a 'java/lang/NoSuchMethodError'{0x00000000a6222100}: 'int java.lang.invoke.DirectMethodHandle$Holder.invokeSpecial(java.lang.Object, java.lang.Object, java.lang.Object, java.lang.Object)'> (0x00000000a6222100) thrown at [./src/hotspot/share/interpreter/linkResolver.cpp, line 773]
Event: 6.458 Thread 0x00000000001a4000 Exception <a 'java/lang/NoSuchMethodError'{0x00000000a71a7360}: 'void java.lang.invoke.DirectMethodHandle$Holder.invokeStatic(java.lang.Object, java.lang.Object, java.lang.Object, java.lang.Object, java.lang.Object, java.lang.Object)'> (0x00000000a71a7360) thrown at [./src/hotspot/share/interpreter/linkResolver.cpp, line 773]
Event: 6.478 Thread 0x00000000001a4000 Exception <a 'java/lang/NoSuchMethodError'{0x00000000a702c4e8}: 'java.lang.Object java.lang.invoke.DirectMethodHandle$Holder.invokeSpecial(java.lang.Object, java.lang.Object, java.lang.Object, java.lang.Object, java.lang.Object, java.lang.Object, int)'> (0x00000000a702c4e8) thrown at [./src/hotspot/share/interpreter/linkResolver.cpp, line 773]
Event: 6.478 Thread 0x00000000001a4000 Exception <a 'java/lang/NoSuchMethodError'{0x00000000a7036498}: 'java.lang.Object java.lang.invoke.DirectMethodHandle$Holder.invokeSpecial(java.lang.Object, java.lang.Object, java.lang.Object, java.lang.Object, java.lang.Object, java.lang.Object, java.lang.Object, int)'> (0x00000000a7036498) thrown at [./src/hotspot/share/interpreter/linkResolver.cpp, line 773]
Event: 6.479 Thread 0x00000000001a4000 Exception <a 'java/lang/NoSuchMethodError'{0x00000000a703a890}: 'java.lang.Object java.lang.invoke.Invokers$Holder.linkToTargetMethod(java.lang.Object, java.lang.Object, java.lang.Object, java.lang.Object, java.lang.Object, int, java.lang.Object)'> (0x00000000a703a890) thrown at [./src/hotspot/share/interpreter/linkResolver.cpp, line 773]
Event: 6.599 Thread 0x00000000001a4000 Exception <a 'java/lang/NoSuchMethodError'{0x00000000a6d64988}: 'java.lang.Object java.lang.invoke.DirectMethodHandle$Holder.invokeStatic(java.lang.Object, java.lang.Object, java.lang.Object, int, java.lang.Object)'> (0x00000000a6d64988) thrown at [./src/hotspot/share/interpreter/linkResolver.cpp, line 773]
Event: 6.600 Thread 0x00000000001a4000 Exception <a 'java/lang/NoSuchMethodError'{0x00000000a6d6b8e0}: 'java.lang.Object java.lang.invoke.Invokers$Holder.linkToTargetMethod(java.lang.Object, java.lang.Object, int, java.lang.Object, java.lang.Object)'> (0x00000000a6d6b8e0) thrown at [./src/hotspot/share/interpreter/linkResolver.cpp, line 773]
Event: 6.601 Thread 0x00000000001a4000 Exception <a 'java/lang/NoSuchMethodError'{0x00000000a6d74a70}: 'int java.lang.invoke.DirectMethodHandle$Holder.invokeStatic(java.lang.Object, int, java.lang.Object, java.lang.Object)'> (0x00000000a6d74a70) thrown at [./src/hotspot/share/interpreter/linkResolver.cpp, line 773]
Event: 6.602 Thread 0x00000000001a4000 Exception <a 'java/lang/NoSuchMethodError'{0x00000000a6d7c0d0}: 'java.lang.Object java.lang.invoke.DirectMethodHandle$Holder.invokeStatic(java.lang.Object, int, java.lang.Object)'> (0x00000000a6d7c0d0) thrown at [./src/hotspot/share/interpreter/linkResolver.cpp, line 773]
Event: 6.713 Thread 0x00000000001a4000 Exception <a 'java/lang/NoSuchMethodError'{0x00000000a6a3c608}: 'void java.lang.invoke.DirectMethodHandle$Holder.invokeStaticInit(java.lang.Object, java.lang.Object)'> (0x00000000a6a3c608) thrown at [./src/hotspot/share/interpreter/linkResolver.cpp, line 773]

Events (20 events):
Event: 7.010 Executing VM operation: RevokeBias done
Event: 7.010 Executing VM operation: RevokeBias
Event: 7.010 Executing VM operation: RevokeBias done
Event: 7.010 Executing VM operation: RevokeBias
Event: 7.010 Executing VM operation: RevokeBias done
Event: 7.010 Executing VM operation: RevokeBias
Event: 7.010 Executing VM operation: RevokeBias done
Event: 7.010 Executing VM operation: RevokeBias
Event: 7.010 Executing VM operation: RevokeBias done
Event: 7.010 Executing VM operation: RevokeBias
Event: 7.011 Executing VM operation: RevokeBias done
Event: 7.011 Executing VM operation: RevokeBias
Event: 7.011 Executing VM operation: RevokeBias done
Event: 7.011 Executing VM operation: RevokeBias
Event: 7.011 Executing VM operation: RevokeBias done
Event: 7.011 Executing VM operation: RevokeBias
Event: 7.011 Executing VM operation: RevokeBias done
Event: 7.011 Executing VM operation: RevokeBias
Event: 7.011 Executing VM operation: RevokeBias done
Event: 7.012 Executing VM operation: RevokeBias


Dynamic libraries:
0x000000013fdf0000 - 0x000000013fdfd000 	C:\Program Files\Amazon Corretto\jdk11.0.18_10\bin\java.exe
0x00000000773c0000 - 0x000000007756a000 	C:\Windows\SYSTEM32\ntdll.dll
0x00000000772a0000 - 0x00000000773bf000 	C:\Windows\system32\kernel32.dll
0x000007fefd180000 - 0x000007fefd1eb000 	C:\Windows\system32\KERNELBASE.dll
0x000007fefa700000 - 0x000007fefa717000 	C:\Program Files\Amazon Corretto\jdk11.0.18_10\bin\jli.dll
0x000007fefbb70000 - 0x000007fefbd64000 	C:\Windows\WinSxS\amd64_microsoft.windows.common-controls_6595b64144ccf1df_6.0.7601.18837_none_fa3b1e3d17594757\COMCTL32.dll
0x000007fefdb50000 - 0x000007fefdbef000 	C:\Windows\system32\msvcrt.dll
0x000007feff5e0000 - 0x000007feff647000 	C:\Windows\system32\GDI32.dll
0x00000000771a0000 - 0x000000007729a000 	C:\Windows\system32\USER32.dll
0x000007fefde50000 - 0x000007fefde5e000 	C:\Windows\system32\LPK.dll
0x000007fefd7d0000 - 0x000007fefd89a000 	C:\Windows\system32\USP10.dll
0x000007feff650000 - 0x000007feff6c1000 	C:\Windows\system32\SHLWAPI.dll
0x000007fefa720000 - 0x000007fefa739000 	C:\Program Files\Amazon Corretto\jdk11.0.18_10\bin\VCRUNTIME140.dll
0x000007fef3910000 - 0x000007fef3914000 	C:\Program Files\Amazon Corretto\jdk11.0.18_10\bin\api-ms-win-crt-runtime-l1-1-0.dll
0x000007fed52b0000 - 0x000007fed53ac000 	C:\Program Files\Amazon Corretto\jdk11.0.18_10\bin\ucrtbase.DLL
0x000007fef3900000 - 0x000007fef3903000 	C:\Program Files\Amazon Corretto\jdk11.0.18_10\bin\api-ms-win-core-localization-l1-2-0.dll
0x000007fef38f0000 - 0x000007fef38f3000 	C:\Program Files\Amazon Corretto\jdk11.0.18_10\bin\api-ms-win-core-processthreads-l1-1-1.dll
0x000007fef38e0000 - 0x000007fef38e3000 	C:\Program Files\Amazon Corretto\jdk11.0.18_10\bin\api-ms-win-core-file-l1-2-0.dll
0x000007fef38d0000 - 0x000007fef38d3000 	C:\Program Files\Amazon Corretto\jdk11.0.18_10\bin\api-ms-win-core-timezone-l1-1-0.dll
0x000007fef38c0000 - 0x000007fef38c3000 	C:\Program Files\Amazon Corretto\jdk11.0.18_10\bin\api-ms-win-core-file-l2-1-0.dll
0x000007fef38a0000 - 0x000007fef38a3000 	C:\Program Files\Amazon Corretto\jdk11.0.18_10\bin\api-ms-win-core-synch-l1-2-0.dll
0x000007fef38b0000 - 0x000007fef38b3000 	C:\Program Files\Amazon Corretto\jdk11.0.18_10\bin\api-ms-win-crt-heap-l1-1-0.dll
0x000007fef3640000 - 0x000007fef3644000 	C:\Program Files\Amazon Corretto\jdk11.0.18_10\bin\api-ms-win-crt-string-l1-1-0.dll
0x000007fef3650000 - 0x000007fef3654000 	C:\Program Files\Amazon Corretto\jdk11.0.18_10\bin\api-ms-win-crt-stdio-l1-1-0.dll
0x000007fef3620000 - 0x000007fef3624000 	C:\Program Files\Amazon Corretto\jdk11.0.18_10\bin\api-ms-win-crt-convert-l1-1-0.dll
0x000007fef3630000 - 0x000007fef3633000 	C:\Program Files\Amazon Corretto\jdk11.0.18_10\bin\api-ms-win-crt-environment-l1-1-0.dll
0x000007fef3610000 - 0x000007fef3613000 	C:\Program Files\Amazon Corretto\jdk11.0.18_10\bin\api-ms-win-crt-filesystem-l1-1-0.dll
0x000007fef3530000 - 0x000007fef3535000 	C:\Program Files\Amazon Corretto\jdk11.0.18_10\bin\api-ms-win-crt-math-l1-1-0.dll
0x000007feeda40000 - 0x000007feeda43000 	C:\Program Files\Amazon Corretto\jdk11.0.18_10\bin\api-ms-win-crt-locale-l1-1-0.dll
0x000007fefdff0000 - 0x000007fefe01e000 	C:\Windows\system32\IMM32.DLL
0x000007feff320000 - 0x000007feff429000 	C:\Windows\system32\MSCTF.dll
0x000007fefd080000 - 0x000007fefd0b0000 	C:\Windows\system32\nvinitx.dll
0x000007fefd070000 - 0x000007fefd07c000 	C:\Windows\system32\VERSION.dll
0x000007fefdf10000 - 0x000007fefdfeb000 	C:\Windows\system32\ADVAPI32.dll
0x000007fefdb30000 - 0x000007fefdb4f000 	C:\Windows\SYSTEM32\sechost.dll
0x000007fefdd20000 - 0x000007fefde4d000 	C:\Windows\system32\RPCRT4.dll
0x00000000733d0000 - 0x00000000733d6000 	C:\Program Files\NVIDIA Corporation\CoProcManager\detoured.dll
0x000007fef5b20000 - 0x000007fef5b58000 	C:\Program Files\NVIDIA Corporation\CoProcManager\nvd3d9wrapx.dll
0x000007feff0e0000 - 0x000007feff2b7000 	C:\Windows\system32\SETUPAPI.dll
0x000007fefd440000 - 0x000007fefd476000 	C:\Windows\system32\CFGMGR32.dll
0x000007fefdc40000 - 0x000007fefdd18000 	C:\Windows\system32\OLEAUT32.dll
0x000007fefe140000 - 0x000007fefe343000 	C:\Windows\system32\ole32.dll
0x000007fefd4e0000 - 0x000007fefd4fa000 	C:\Windows\system32\DEVOBJ.dll
0x000007fef5af0000 - 0x000007fef5b14000 	C:\Program Files\NVIDIA Corporation\CoProcManager\nvdxgiwrapx.dll
0x000007feda4b0000 - 0x000007feda54b000 	C:\Program Files\Amazon Corretto\jdk11.0.18_10\bin\msvcp140.dll
0x000007feeda30000 - 0x000007feeda33000 	C:\Program Files\Amazon Corretto\jdk11.0.18_10\bin\api-ms-win-crt-time-l1-1-0.dll
0x000007feeda20000 - 0x000007feeda23000 	C:\Program Files\Amazon Corretto\jdk11.0.18_10\bin\api-ms-win-crt-utility-l1-1-0.dll
0x000007fecb420000 - 0x000007fecbfaa000 	C:\Program Files\Amazon Corretto\jdk11.0.18_10\bin\server\jvm.dll
0x000007fef8040000 - 0x000007fef8049000 	C:\Windows\system32\WSOCK32.dll
0x000007fefdbf0000 - 0x000007fefdc3d000 	C:\Windows\system32\WS2_32.dll
0x000007fefde60000 - 0x000007fefde68000 	C:\Windows\system32\NSI.dll
0x000007fefaba0000 - 0x000007fefabdb000 	C:\Windows\system32\WINMM.dll
0x0000000077580000 - 0x0000000077587000 	C:\Windows\system32\PSAPI.DLL
0x000007feed9d0000 - 0x000007feed9e0000 	C:\Program Files\Amazon Corretto\jdk11.0.18_10\bin\verify.dll
0x000007fedcf50000 - 0x000007fedd075000 	C:\Windows\system32\DBGHELP.DLL
0x000007fedaf10000 - 0x000007fedaf38000 	C:\Program Files\Amazon Corretto\jdk11.0.18_10\bin\java.dll
0x000007fedbf90000 - 0x000007fedbf9a000 	C:\Program Files\Amazon Corretto\jdk11.0.18_10\bin\jimage.dll
0x000007fedb070000 - 0x000007fedb07e000 	C:\Program Files\Amazon Corretto\jdk11.0.18_10\bin\instrument.dll
0x000007fedaf50000 - 0x000007fedaf68000 	C:\Program Files\Amazon Corretto\jdk11.0.18_10\bin\zip.dll
0x000007fefe350000 - 0x000007feff0d9000 	C:\Windows\system32\SHELL32.dll
0x000007fefd140000 - 0x000007fefd14f000 	C:\Windows\system32\profapi.dll
0x000007feda480000 - 0x000007feda499000 	C:\Program Files\Amazon Corretto\jdk11.0.18_10\bin\net.dll
0x000007fef9640000 - 0x000007fef96b1000 	C:\Windows\system32\WINHTTP.dll
0x000007fef95d0000 - 0x000007fef9634000 	C:\Windows\system32\webio.dll
0x000007fefc8d0000 - 0x000007fefc925000 	C:\Windows\system32\mswsock.dll
0x000007fefc8c0000 - 0x000007fefc8c7000 	C:\Windows\System32\wship6.dll
0x000007fed9c00000 - 0x000007fed9c13000 	C:\Program Files\Amazon Corretto\jdk11.0.18_10\bin\nio.dll
0x000007fed9be0000 - 0x000007fed9bfa000 	C:\Program Files\JetBrains\IntelliJ IDEA 2022.1.2\bin\breakgen64.dll
0x000007fedaf80000 - 0x000007fedaf89000 	C:\Program Files\Amazon Corretto\jdk11.0.18_10\bin\management.dll
0x000007fedb060000 - 0x000007fedb06b000 	C:\Program Files\Amazon Corretto\jdk11.0.18_10\bin\management_ext.dll
0x000007fefa880000 - 0x000007fefa895000 	C:\Windows\system32\NLAapi.dll
0x000007fef34e0000 - 0x000007fef34f5000 	C:\Windows\system32\napinsp.dll
0x000007fef34c0000 - 0x000007fef34d9000 	C:\Windows\system32\pnrpnsp.dll
0x000007fefc750000 - 0x000007fefc7ab000 	C:\Windows\system32\DNSAPI.dll
0x000007fef34b0000 - 0x000007fef34bb000 	C:\Windows\System32\winrnr.dll
0x000007fef34a0000 - 0x000007fef34b0000 	C:\Windows\system32\wshbth.dll
0x000007fefc2c0000 - 0x000007fefc2c7000 	C:\Windows\System32\wshtcpip.dll
0x000007fefa3d0000 - 0x000007fefa3f7000 	C:\Windows\system32\IPHLPAPI.DLL
0x000007fefa3b0000 - 0x000007fefa3bb000 	C:\Windows\system32\WINNSI.DLL
0x000007fef4eb0000 - 0x000007fef4eb8000 	C:\Windows\system32\rasadhlp.dll
0x000007fefa170000 - 0x000007fefa1c3000 	C:\Windows\System32\fwpuclnt.dll

dbghelp: loaded successfully - version: 4.0.5 - missing functions: none
symbol engine: initialized successfully - sym options: 0x614 - pdb path: .;C:\Program Files\Amazon Corretto\jdk11.0.18_10\bin;C:\Windows\SYSTEM32;C:\Windows\WinSxS\amd64_microsoft.windows.common-controls_6595b64144ccf1df_6.0.7601.18837_none_fa3b1e3d17594757;C:\Program Files\NVIDIA Corporation\CoProcManager;C:\Program Files\Amazon Corretto\jdk11.0.18_10\bin\server;C:\Program Files\JetBrains\IntelliJ IDEA 2022.1.2\bin

VM Arguments:
jvm_args: -ea -Dspring.profiles.active=test -javaagent:C:\Users\Kristina\AppData\Local\JetBrains\IntelliJIdea2022.1\testAgent\intellij-coverage-agent-1.0.656.jar=C:\Users\Kristina\AppData\Local\Temp\coverage232args -Didea.new.sampling.coverage=true -Dcoverage.ignore.private.constructor.util.class=true -Didea.test.cyclic.buffer.size=1048576 -javaagent:C:\Program Files\JetBrains\IntelliJ IDEA 2022.1.2\lib\idea_rt.jar=55471:C:\Program Files\JetBrains\IntelliJ IDEA 2022.1.2\bin -Dfile.encoding=UTF-8 
java_command: com.intellij.rt.junit.JUnitStarter -ideVersion5 -junit5 ru.practicum.shareit.user.UserServiceIntegrationTest,getListAllUsers
java_class_path (initial): C:\Users\Kristina\.m2\repository\org\junit\platform\junit-platform-launcher\1.8.2\junit-platform-launcher-1.8.2.jar;C:\Program Files\JetBrains\IntelliJ IDEA 2022.1.2\lib\idea_rt.jar;C:\Program Files\JetBrains\IntelliJ IDEA 2022.1.2\plugins\junit\lib\junit5-rt.jar;C:\Program Files\JetBrains\IntelliJ IDEA 2022.1.2\plugins\junit\lib\junit-rt.jar;C:\Users\Евгений\dev\java-shareit\target\test-classes;C:\Users\Евгений\dev\java-shareit\target\classes;C:\Users\Kristina\.m2\repository\org\springframework\boot\spring-boot-starter-web\2.7.2\spring-boot-starter-web-2.7.2.jar;C:\Users\Kristina\.m2\repository\org\springframework\boot\spring-boot-starter\2.7.2\spring-boot-starter-2.7.2.jar;C:\Users\Kristina\.m2\repository\org\springframework\boot\spring-boot\2.7.2\spring-boot-2.7.2.jar;C:\Users\Kristina\.m2\repository\org\springframework\boot\spring-boot-autoconfigure\2.7.2\spring-boot-autoconfigure-2.7.2.jar;C:\Users\Kristina\.m2\repository\org\springframework\boot\spring-boot-starter-logging\2.7.2\spring-boot-starter-logging-2.7.2.jar;C:\Users\Kristina\.m2\repository\ch\qos\logback\logback-classic\1.2.11\logback-classic-1.2.11.jar;C:\Users\Kristina\.m2\repository\ch\qos\logback\logback-core\1.2.11\logback-core-1.2.11.jar;C:\Users\Kristina\.m2\repository\org\apache\logging\log4j\log4j-to-slf4j\2.17.2\log4j-to-slf4j-2.17.2.jar;C:\Users\Kristina\.m2\repository\org\apache\logging\log4j\log4j-api\2.17.2\log4j-api-2.17.2.jar;C:\Users\Kristina\.m2\repository\org\slf4j\jul-to-slf4j\1.7.36\jul-to-slf4j-1.7.36.jar;C:\Users\Kristina\.m2\repository\jakarta\annotation\jakarta.annotation-api\1.3.5\jakarta.annotation-api-1.3.5.jar;C:\Users\Kristina\.m2\repository\org\yaml\snakeyaml\1.30\snakeyaml-1.30.jar;C:\Users\Kristina\.m2\repository\org\springframework\boot\spring-boot-starter-json\2.7.2\spring-boot-starter-json-2.7.2.jar;C:\Users\Kristina\.m2\repository\com\fasterxml\jackson\core\jackson-databind\2.13.3\jackson-databind-2.13.3.jar;C:\Users\Kristina\.m2\reposi
Launcher Type: SUN_STANDARD

[Global flags]
     intx CICompilerCount                          = 2                                         {product} {ergonomic}
     uint ConcGCThreads                            = 1                                         {product} {ergonomic}
     uint G1ConcRefinementThreads                  = 2                                         {product} {ergonomic}
   size_t G1HeapRegionSize                         = 1048576                                   {product} {ergonomic}
    uintx GCDrainStackTargetSize                   = 64                                        {product} {ergonomic}
   size_t InitialHeapSize                          = 100663296                                 {product} {ergonomic}
   size_t MarkStackSize                            = 4194304                                   {product} {ergonomic}
   size_t MaxHeapSize                              = 1591738368                                {product} {ergonomic}
   size_t MaxNewSize                               = 954204160                                 {product} {ergonomic}
   size_t MinHeapDeltaBytes                        = 1048576                                   {product} {ergonomic}
    uintx NonNMethodCodeHeapSize                   = 5825164                                {pd product} {ergonomic}
    uintx NonProfiledCodeHeapSize                  = 122916538                              {pd product} {ergonomic}
    uintx ProfiledCodeHeapSize                     = 122916538                              {pd product} {ergonomic}
    uintx ReservedCodeCacheSize                    = 251658240                              {pd product} {ergonomic}
     bool SegmentedCodeCache                       = true                                      {product} {ergonomic}
     bool UseCompressedClassPointers               = true                                 {lp64_product} {ergonomic}
     bool UseCompressedOops                        = true                                 {lp64_product} {ergonomic}
     bool UseG1GC                                  = true                                      {product} {ergonomic}
     bool UseLargePagesIndividualAllocation        = false                                  {pd product} {ergonomic}

Logging:
Log output configuration:
 #0: stdout all=warning uptime,level,tags
 #1: stderr all=off uptime,level,tags

Environment Variables:
JAVA_HOME=C:\Program Files\Amazon Corretto\jdk11.0.18_10
PATH=C:\Program Files\Amazon Corretto\jdk11.0.18_10\bin;C:\Windows\system32;C:\Windows;C:\Windows\System32\Wbem;C:\Windows\System32\WindowsPowerShell\v1.0\;C:\Program Files (x86)\NVIDIA Corporation\PhysX\Common;C:\Program Files\NVIDIA Corporation\NVIDIA NvDLISR;C:\Program Files\Git\cmd
USERNAME=Kristina
OS=Windows_NT
PROCESSOR_IDENTIFIER=Intel64 Family 6 Model 69 Stepping 1, GenuineIntel
TMP=C:\Users\Kristina\AppData\Local\Temp
TEMP=C:\Users\Kristina\AppData\Local\Temp



---------------  S Y S T E M  ---------------

OS: Windows 7 , 64 bit Build 7601 (6.1.7601.19160)
OS uptime: 2 days 15:28 hours

CPU:total 2 (initial active 2) (2 cores per cpu, 1 threads per core) family 6 model 69 stepping 1 microcode 0x0, cmov, cx8, fxsr, mmx, sse, sse2, sse3, ssse3, sse4.1, sse4.2, popcnt, clmul, erms, lzcnt, tsc, tscinvbit

Memory: 4k page, system-wide physical 6069M (737M free)
TotalPageFile size 15040M (AvailPageFile size 5M)
current process WorkingSet (physical memory assigned to process): 140M, peak: 140M
current process commit charge ("private bytes"): 216M, peak: 217M

vm_info: OpenJDK 64-Bit Server VM (11.0.18+10-LTS) for windows-amd64 JRE (11.0.18+10-LTS), built on Jan 10 2023 20:17:52 by "Administrator" with MS VC++ 15.9 (VS2017)

END.
